 * Serving Flask app 'index' (lazy loading)
 * Serving Flask app 'index' (lazy loading)
 * Serving Flask app 'index' (lazy loading)
 * Environment: production
 * Environment: production
 * Environment: production
   WARNING: This is a development server. Do not use it in a production deployment.
   WARNING: This is a development server. Do not use it in a production deployment.
   WARNING: This is a development server. Do not use it in a production deployment.
   Use a production WSGI server instead.
   Use a production WSGI server instead.
   Use a production WSGI server instead.
 * Debug mode: off
 * Debug mode: off
 * Debug mode: off
 * Running on all addresses.
   WARNING: This is a development server. Do not use it in a production deployment.
 * Running on all addresses.
   WARNING: This is a development server. Do not use it in a production deployment.
 * Running on all addresses.
   WARNING: This is a development server. Do not use it in a production deployment.
 * Running on http://192.168.4.32:9000/ (Press CTRL+C to quit)
 * Running on http://192.168.4.32:9002/ (Press CTRL+C to quit)
 * Running on http://192.168.4.32:9001/ (Press CTRL+C to quit)
